0 info it worked if it ends with ok
1 verbose cli [ '/usr/local/Cellar/node/6.3.1/bin/node',
1 verbose cli   '/usr/local/bin/npm',
1 verbose cli   'run',
1 verbose cli   'eject' ]
2 info using npm@3.10.3
3 info using node@v6.3.1
4 verbose run-script [ 'preeject', 'eject', 'posteject' ]
5 info lifecycle dota2-hero-picker@0.1.0~preeject: dota2-hero-picker@0.1.0
6 silly lifecycle dota2-hero-picker@0.1.0~preeject: no script for preeject, continuing
7 info lifecycle dota2-hero-picker@0.1.0~eject: dota2-hero-picker@0.1.0
8 verbose lifecycle dota2-hero-picker@0.1.0~eject: unsafe-perm in lifecycle true
9 verbose lifecycle dota2-hero-picker@0.1.0~eject: PATH: /usr/local/lib/node_modules/npm/bin/node-gyp-bin:/Users/dolevh/projects/dota2-hero-picker-git-copy/node_modules/.bin:/usr/local/Cellar/node/6.3.1/bin:/Applications/Postgres.app/Contents/Versions/latest/bin:/opt/facebook/bin:/usr/local/bin:/usr/bin:/bin:/usr/sbin:/sbin:/opt/homebrew/bin:/opt/facebook/nuclide/latest/nuclide/pkg/fb-biggrep-cli/bin:/opt/android_sdk/tools:/opt/facebook/hg/bin:/usr/local/munki:/opt/android_sdk/tools:/opt/android_sdk/platform-tools:/opt/android_sdk/tools:/opt/android_sdk/platform-tools:/opt/android_sdk/tools:/opt/android_sdk/platform-tools:/opt/android_sdk/tools:/opt/android_sdk/platform-tools:/opt/android_sdk/tools:/opt/android_sdk/platform-tools:/opt/android_sdk/tools:/opt/android_sdk/platform-tools:/opt/android_sdk/tools:/opt/android_sdk/platform-tools:/opt/android_sdk/tools:/opt/android_sdk/platform-tools:/opt/android_sdk/tools:/opt/android_sdk/platform-tools:/opt/android_sdk/tools:/opt/android_sdk/platform-tools:/opt/android_sdk/tools:/opt/android_sdk/platform-tools:/opt/android_sdk/tools:/opt/android_sdk/platform-tools:/opt/android_sdk/tools:/opt/android_sdk/platform-tools:/opt/android_sdk/tools:/opt/android_sdk/platform-tools:/opt/android_sdk/tools:/opt/android_sdk/platform-tools:/opt/android_sdk/tools:/opt/android_sdk/platform-tools:/opt/android_sdk/tools:/opt/android_sdk/platform-tools:/opt/android_sdk/tools:/opt/android_sdk/platform-tools
10 verbose lifecycle dota2-hero-picker@0.1.0~eject: CWD: /Users/dolevh/projects/dota2-hero-picker-git-copy
11 silly lifecycle dota2-hero-picker@0.1.0~eject: Args: [ '-c', 'react-scripts eject' ]
12 silly lifecycle dota2-hero-picker@0.1.0~eject: Returned: code: 1  signal: null
13 info lifecycle dota2-hero-picker@0.1.0~eject: Failed to exec eject script
14 verbose stack Error: dota2-hero-picker@0.1.0 eject: `react-scripts eject`
14 verbose stack Exit status 1
14 verbose stack     at EventEmitter.<anonymous> (/usr/local/lib/node_modules/npm/lib/utils/lifecycle.js:242:16)
14 verbose stack     at emitTwo (events.js:106:13)
14 verbose stack     at EventEmitter.emit (events.js:191:7)
14 verbose stack     at ChildProcess.<anonymous> (/usr/local/lib/node_modules/npm/lib/utils/spawn.js:40:14)
14 verbose stack     at emitTwo (events.js:106:13)
14 verbose stack     at ChildProcess.emit (events.js:191:7)
14 verbose stack     at maybeClose (internal/child_process.js:852:16)
14 verbose stack     at Process.ChildProcess._handle.onexit (internal/child_process.js:215:5)
15 verbose pkgid dota2-hero-picker@0.1.0
16 verbose cwd /Users/dolevh/projects/dota2-hero-picker-git-copy
17 error Darwin 16.7.0
18 error argv "/usr/local/Cellar/node/6.3.1/bin/node" "/usr/local/bin/npm" "run" "eject"
19 error node v6.3.1
20 error npm  v3.10.3
21 error code ELIFECYCLE
22 error dota2-hero-picker@0.1.0 eject: `react-scripts eject`
22 error Exit status 1
23 error Failed at the dota2-hero-picker@0.1.0 eject script 'react-scripts eject'.
23 error Make sure you have the latest version of node.js and npm installed.
23 error If you do, this is most likely a problem with the dota2-hero-picker package,
23 error not with npm itself.
23 error Tell the author that this fails on your system:
23 error     react-scripts eject
23 error You can get information on how to open an issue for this project with:
23 error     npm bugs dota2-hero-picker
23 error Or if that isn't available, you can get their info via:
23 error     npm owner ls dota2-hero-picker
23 error There is likely additional logging output above.
24 verbose exit [ 1, true ]
